commit 83a5c42fd2bc3abb022fc3024fe97821f47a45dd (HEAD -> master, origin/master, origin/HEAD)
Author: sivanimodali <sivanimodali@gmail.com>
Date:   Sun May 31 22:27:49 2020 +0200

    corrected errors

commit 21d8dcd78e9d48c0f36e6a1ccdc0680c8584f918
Author: sivanimodali <sivanimodali@gmail.com>
Date:   Sun May 31 22:16:44 2020 +0200

    rectified errors

commit a0648c0d2b7005b79899c6ab8013aea1390e2a45
Author: sivanimodali <sivanimodali@gmail.com>
Date:   Sun May 31 22:15:04 2020 +0200

    rectified errors

commit 7d364be0d4696aa8ce25eb9d64c39bd1141ad3e8
Author: sivanimodali <sivanimodali@gmail.com>
Date:   Sun May 31 22:11:38 2020 +0200

    deleted files

commit 12f856234113c0e9d30a14683381773dacb3d9a8
Author: sivanimodali <sivanimodali@gmail.com>
Date:   Sun May 31 22:09:34 2020 +0200

    rectified errors

commit 9af791b82dedeb46da48c4fc79613ed862a1c5d5
Author: sivanimodali <sivanimodali@gmail.com>
Date:   Sun May 31 22:05:49 2020 +0200

    rectified errors

commit c6fb39b1b2c2399a22ddca72881c81239a59b98e
Author: sivanimodali <sivanimodali@gmail.com>
Date:   Sun May 31 22:01:21 2020 +0200

    rename files

commit eccfb48cfca50336369cccec1755e5e7e3a2505e
Author: sivanimodali <sivanimodali@gmail.com>
Date:   Sun May 31 19:39:49 2020 +0200

     searches device

commit 81088acc69714d2cc23477a11a1454d28e725a79
Author: sivanimodali <sivanimodali@gmail.com>
Date:   Sun May 31 19:37:29 2020 +0200

     removes devices

commit 44dd402f84bc1d14e585b69800dd4f1b4ed9a0aa
Author: sivanimodali <sivanimodali@gmail.com>
Date:   Sun May 31 18:38:05 2020 +0200

    list of devices

commit 519620867da844397015e8d39cbfcc835159d4fc
Author: sivanimodali <sivanimodali@gmail.com>
Date:   Sun May 31 18:35:45 2020 +0200

    backend code

commit 63153adb59ea34132803fdef66e97e340bcacef4
Author: sivanimodali <sivanimodali@gmail.com>
Date:   Sun May 31 12:54:19 2020 +0200

     configuring

commit ea103b067b3cc2a8cc670b69e3da9ea74860a240
Author: sivanimodali <sivanimodali@gmail.com>
Date:   Sat May 30 14:38:39 2020 +0200

    list of devices

commit e79f86157892587f4521f7fc71fa8cfcadab7eba
Author: sivanimodali <sivanimodali@gmail.com>
Date:   Sat May 30 14:36:49 2020 +0200

    added adddevice file

commit 061aa96868e194ae66c9104ec7f4fe95dd8ea565
Author: sivanimodali <44290026+sivanimodali@users.noreply.github.com>
Date:   Sat May 30 14:30:56 2020 +0200

    Initial commit
